TN:
SF:src/Refund.sol
FN:60,Refund.updateValidStartTimestamps
FNDA:2563,Refund.updateValidStartTimestamps
DA:63,2563
DA:64,2563
FN:71,Refund.payUpfront
FNDA:2564,Refund.payUpfront
DA:78,2564
DA:82,2564
BRDA:82,0,0,256
BRDA:82,0,1,2308
DA:86,2308
BRDA:86,1,0,256
BRDA:86,1,1,2052
DA:90,2052
BRDA:90,2,0,1024
BRDA:90,2,1,1028
DA:97,1028
BRDA:97,3,0,1
BRDA:97,3,1,1027
DA:98,1027
BRDA:98,4,0,1
BRDA:98,4,1,1026
DA:107,1026
DA:116,1026
DA:118,1026
DA:119,1026
FN:123,Refund.buyerClaimRefund
FNDA:513,Refund.buyerClaimRefund
DA:124,513
DA:130,513
DA:132,513
DA:133,513
DA:134,513
FN:141,Refund.updateRefundPercentPerPeriod
FNDA:5,Refund.updateRefundPercentPerPeriod
DA:146,4
BRDA:146,5,0,1
BRDA:146,5,1,3
DA:151,3
DA:152,3
DA:153,15
DA:154,15
BRDA:154,6,0,1
BRDA:154,6,1,14
DA:158,14
BRDA:158,7,0,1
BRDA:158,7,1,13
DA:160,13
DA:164,1
DA:165,1
FN:172,Refund.sellerTerminateAgreement
FNDA:256,Refund.sellerTerminateAgreement
DA:177,256
DA:179,256
DA:180,256
DA:181,256
DA:183,256
DA:185,256
DA:186,256
DA:187,256
FN:195,Refund.sellerWithdraw
FNDA:512,Refund.sellerWithdraw
DA:199,512
DA:200,512
DA:202,512
DA:203,512
DA:207,512
DA:209,512
DA:210,512
DA:213,512
DA:214,512
FN:224,Refund.calculateRefundDollars
FNDA:0,Refund.calculateRefundDollars
DA:229,1281
DA:230,1281
DA:234,1281
DA:235,1281
DA:237,1281
BRDA:237,8,0,-
BRDA:237,8,1,1271
DA:238,1271
DA:243,1281
BRDA:243,9,0,10
BRDA:243,9,1,1281
DA:244,10
DA:247,1281
FN:258,Refund.calculateDollarsSellerCanWithdraw
FNDA:0,Refund.calculateDollarsSellerCanWithdraw
DA:271,512
DA:272,512
DA:274,512
BRDA:274,10,0,501
BRDA:274,10,1,11
DA:275,501
DA:278,11
FN:287,Refund._getPeriodsComplete
FNDA:0,Refund._getPeriodsComplete
DA:292,1281
DA:293,1281
DA:295,1281
BRDA:295,11,0,512
BRDA:295,11,1,769
DA:296,512
DA:299,769
FN:308,Refund.rescueERC20Token
FNDA:768,Refund.rescueERC20Token
DA:313,768
BRDA:313,12,0,-
BRDA:313,12,1,256
DA:314,256
DA:315,256
DA:322,512
FN:325,Refund.excessUSDC
FNDA:0,Refund.excessUSDC
DA:326,512
FNF:11
FNH:7
LF:67
LH:67
BRF:26
BRH:24
end_of_record
TN:
SF:test/Refund.t.sol
FN:15,USDC.mint
FNDA:2563,USDC.mint
DA:16,2563
BRDA:16,0,0,-
BRDA:16,0,1,2563
DA:17,2563
FN:20,USDC.decimals
FNDA:0,USDC.decimals
DA:21,0
FN:32,NotUSDC.mint
FNDA:256,NotUSDC.mint
DA:33,256
BRDA:33,0,0,-
BRDA:33,0,1,256
DA:34,256
FN:37,NotUSDC.decimals
FNDA:0,NotUSDC.decimals
DA:38,0
FNF:4
FNH:2
LF:6
LH:4
BRF:4
BRH:2
end_of_record
